<?xml version="1.0" encoding="UTF-8"?>
<!-- Generated by org.testng.reporters.JUnitReportReporter -->
<testsuite hostname="DESKTOP-HSNMEPH" failures="0" tests="2" name="com.nexsoft.jcb.test.TestFiturReturnOtherCondition" time="29.973" errors="0" timestamp="2022-07-14T23:41:05 ICT" skipped="0">
  <testcase classname="com.nexsoft.jcb.test.TestFiturReturnOtherCondition" name="selectVisitStatusWithoutInputOtherStatus" time="11.736"/>
  <system-out/>
  <testcase classname="com.nexsoft.jcb.test.TestFiturReturnOtherCondition" name="selectVisitStatusWithInputOtherStatus" time="18.237"/>
  <system-out/>
</testsuite> <!-- com.nexsoft.jcb.test.TestFiturReturnOtherCondition -->
