<?xml version="1.0" encoding="UTF-8"?>
<!-- Generated by org.testng.reporters.JUnitReportReporter -->
<testsuite hostname="DESKTOP-UUPIJUK" failures="0" tests="1" name="com.nexsoft.jcb.test.TestModulLogin" time="11.124" errors="0" timestamp="2022-07-04T11:30:12 WIB" skipped="0">
  <testcase classname="com.nexsoft.jcb.test.TestModulLogin" name="input_username_dan_password_valid_sebagai_surveyor" time="11.124"/>
  <system-out/>
</testsuite> <!-- com.nexsoft.jcb.test.TestModulLogin -->
