<?xml version="1.0" encoding="UTF-8"?>
<!-- Generated by org.testng.reporters.JUnitReportReporter -->
<testsuite hostname="DESKTOP-HSNMEPH" failures="0" tests="6" name="com.nexsoft.jcb.test.TestFiturReturnVisitPage" time="21.452" errors="0" timestamp="2022-07-11T11:55:16 ICT" skipped="5">
  <testcase classname="com.nexsoft.jcb.test.TestFiturReturnVisitPage" name="edit_data_valid_data_merchant" time="21.452"/>
  <system-out/>
  <testcase classname="com.nexsoft.jcb.test.TestFiturReturnVisitPage" name="add_TID_invalid_data_file_xlsx">
    <skipped/>
  </testcase> <!-- add_TID_invalid_data_file_xlsx -->
  <system-out/>
  <testcase classname="com.nexsoft.jcb.test.TestFiturReturnVisitPage" name="add_TID_invalid_data_size_file">
    <skipped/>
  </testcase> <!-- add_TID_invalid_data_size_file -->
  <system-out/>
  <testcase classname="com.nexsoft.jcb.test.TestFiturReturnVisitPage" name="edit_data_blank_data_merchant">
    <skipped/>
  </testcase> <!-- edit_data_blank_data_merchant -->
  <system-out/>
  <testcase classname="com.nexsoft.jcb.test.TestFiturReturnVisitPage" name="edit_data_invalid_data_merchant">
    <skipped/>
  </testcase> <!-- edit_data_invalid_data_merchant -->
  <system-out/>
  <testcase classname="com.nexsoft.jcb.test.TestFiturReturnVisitPage" name="add_TID_invalid_data_file_pdf">
    <skipped/>
  </testcase> <!-- add_TID_invalid_data_file_pdf -->
  <system-out/>
</testsuite> <!-- com.nexsoft.jcb.test.TestFiturReturnVisitPage -->
