<?xml version="1.0" encoding="UTF-8"?>
<!-- Generated by org.testng.reporters.JUnitReportReporter -->
<testsuite hostname="DESKTOP-HSNMEPH" failures="0" tests="2" name="com.nexsoft.jcb.test.TestFiturNewData" time="18.409" errors="0" timestamp="2022-07-07T15:29:54 ICT" skipped="0">
  <testcase classname="com.nexsoft.jcb.test.TestFiturNewData" name="cek_fitur_search_newData" time="6.767"/>
  <system-out/>
  <testcase classname="com.nexsoft.jcb.test.TestFiturNewData" name="cek_fitur_filter_newData" time="11.642"/>
  <system-out/>
</testsuite> <!-- com.nexsoft.jcb.test.TestFiturNewData -->
