<?xml version="1.0" encoding="UTF-8"?>
<!-- Generated by org.testng.reporters.JUnitReportReporter -->
<testsuite hostname="DESKTOP-HSNMEPH" failures="0" tests="6" name="com.nexsoft.jcb.test.TestFiturNewDataVisitPage" time="112.694" errors="0" timestamp="2022-07-11T10:49:31 ICT" skipped="5">
  <testcase classname="com.nexsoft.jcb.test.TestFiturNewDataVisitPage" name="upload_photo_visit_merchant_invalid_data" time="112.694"/>
  <system-out/>
  <testcase classname="com.nexsoft.jcb.test.TestFiturNewDataVisitPage" name="edit_data_blank_data_merchant">
    <skipped/>
  </testcase> <!-- edit_data_blank_data_merchant -->
  <system-out/>
  <testcase classname="com.nexsoft.jcb.test.TestFiturNewDataVisitPage" name="add_TID_invalid_data_size_file">
    <skipped/>
  </testcase> <!-- add_TID_invalid_data_size_file -->
  <system-out/>
  <testcase classname="com.nexsoft.jcb.test.TestFiturNewDataVisitPage" name="add_TID_invalid_data_file_xlsx">
    <skipped/>
  </testcase> <!-- add_TID_invalid_data_file_xlsx -->
  <system-out/>
  <testcase classname="com.nexsoft.jcb.test.TestFiturNewDataVisitPage" name="edit_data_invalid_data_merchant">
    <skipped/>
  </testcase> <!-- edit_data_invalid_data_merchant -->
  <system-out/>
  <testcase classname="com.nexsoft.jcb.test.TestFiturNewDataVisitPage" name="add_TID_invalid_data_file_pdf">
    <skipped/>
  </testcase> <!-- add_TID_invalid_data_file_pdf -->
  <system-out/>
</testsuite> <!-- com.nexsoft.jcb.test.TestFiturNewDataVisitPage -->
