<?xml version="1.0" encoding="UTF-8"?>
<!-- Generated by org.testng.reporters.JUnitReportReporter -->
<testsuite hostname="DESKTOP-HSNMEPH" failures="0" tests="2" name="com.nexsoft.jcb.test.TestFiturReturn" time="19.828" errors="0" timestamp="2022-07-07T15:30:47 ICT" skipped="0">
  <testcase classname="com.nexsoft.jcb.test.TestFiturReturn" name="cek_fitur_filter_return" time="11.774"/>
  <system-out/>
  <testcase classname="com.nexsoft.jcb.test.TestFiturReturn" name="cek_fitur_search_return" time="8.054"/>
  <system-out/>
</testsuite> <!-- com.nexsoft.jcb.test.TestFiturReturn -->
