<?xml version="1.0" encoding="UTF-8"?>
<!-- Generated by org.testng.reporters.JUnitReportReporter -->
<testsuite hostname="DESKTOP-HSNMEPH" failures="0" tests="1" name="com.nexsoft.jcb.test.TestFiturNewData" time="4.539" errors="0" timestamp="2022-07-06T23:51:22 ICT" skipped="0">
  <testcase classname="com.nexsoft.jcb.test.TestFiturNewData" name="cek_fitur_search_newData" time="4.539"/>
  <system-out/>
</testsuite> <!-- com.nexsoft.jcb.test.TestFiturNewData -->
