<?xml version="1.0" encoding="UTF-8"?>
<!-- Generated by org.testng.reporters.JUnitReportReporter -->
<testsuite hostname="DESKTOP-HSNMEPH" failures="0" tests="2" name="com.nexsoft.jcb.test.TestModulNewDataSurveyor" time="30.218" errors="0" timestamp="2022-07-13T08:51:15 ICT" skipped="0">
  <testcase classname="com.nexsoft.jcb.test.TestModulNewDataSurveyor" name="cek_fitur_filter_newData" time="18.356"/>
  <system-out/>
  <testcase classname="com.nexsoft.jcb.test.TestModulNewDataSurveyor" name="cek_fitur_search_newData" time="11.862"/>
  <system-out/>
</testsuite> <!-- com.nexsoft.jcb.test.TestModulNewDataSurveyor -->
