<?xml version="1.0" encoding="UTF-8"?>
<!-- Generated by org.testng.reporters.JUnitReportReporter -->
<testsuite hostname="DESKTOP-HSNMEPH" failures="0" tests="1" name="com.nexsoft.jcb.test.TestFiturAddNewDataPageSurveyor" time="15.257" errors="0" timestamp="2022-07-12T01:20:14 ICT" skipped="0">
  <testcase classname="com.nexsoft.jcb.test.TestFiturAddNewDataPageSurveyor" name="add_New_Data_with_valid_data1" time="15.257"/>
  <system-out/>
</testsuite> <!-- com.nexsoft.jcb.test.TestFiturAddNewDataPageSurveyor -->
