<?xml version="1.0" encoding="UTF-8"?>
<!-- Generated by org.testng.reporters.JUnitReportReporter -->
<testsuite hostname="DESKTOP-HSNMEPH" failures="0" tests="1" name="com.nexsoft.jcb.test.TestModulLogin" time="2.465" errors="0" timestamp="2022-07-04T14:49:21 ICT" skipped="0">
  <testcase classname="com.nexsoft.jcb.test.TestModulLogin" name="input_username_dan_password_valid_sebagai_surveyor" time="2.465"/>
  <system-out/>
</testsuite> <!-- com.nexsoft.jcb.test.TestModulLogin -->
