<?xml version="1.0" encoding="UTF-8"?>
<!-- Generated by org.testng.reporters.JUnitReportReporter -->
<testsuite hostname="DESKTOP-HSNMEPH" failures="0" tests="2" name="com.nexsoft.jcb.test.TestFiturReturn" time="30.284" errors="0" timestamp="2022-07-14T23:41:05 ICT" skipped="0">
  <testcase classname="com.nexsoft.jcb.test.TestFiturReturn" name="cek_fitur_filter_return" time="16.253"/>
  <system-out/>
  <testcase classname="com.nexsoft.jcb.test.TestFiturReturn" name="cek_fitur_search_return" time="14.031"/>
  <system-out/>
</testsuite> <!-- com.nexsoft.jcb.test.TestFiturReturn -->
