<?xml version="1.0" encoding="UTF-8"?>
<!-- Generated by org.testng.reporters.JUnitReportReporter -->
<testsuite hostname="DESKTOP-HSNMEPH" failures="0" tests="2" name="com.nexsoft.jcb.test.TestModulNewData" time="26.213" errors="0" timestamp="2022-07-14T10:56:16 ICT" skipped="0">
  <testcase classname="com.nexsoft.jcb.test.TestModulNewData" name="cek_fitur_filter_newData" time="15.226"/>
  <system-out/>
  <testcase classname="com.nexsoft.jcb.test.TestModulNewData" name="cek_fitur_search_newData" time="10.987"/>
  <system-out/>
</testsuite> <!-- com.nexsoft.jcb.test.TestModulNewData -->
