<?xml version="1.0" encoding="UTF-8"?>
<!-- Generated by org.testng.reporters.JUnitReportReporter -->
<testsuite hostname="DESKTOP-HSNMEPH" failures="0" tests="2" name="com.nexsoft.jcb.test.TestFiturNewData" time="27.296" errors="0" timestamp="2022-07-14T23:41:05 ICT" skipped="0">
  <testcase classname="com.nexsoft.jcb.test.TestFiturNewData" name="cek_fitur_filter_newData" time="15.629"/>
  <system-out/>
  <testcase classname="com.nexsoft.jcb.test.TestFiturNewData" name="cek_fitur_search_newData" time="11.667"/>
  <system-out/>
</testsuite> <!-- com.nexsoft.jcb.test.TestFiturNewData -->
