<?xml version="1.0" encoding="UTF-8"?>
<!-- Generated by org.testng.reporters.JUnitReportReporter -->
<testsuite hostname="DESKTOP-HSNMEPH" failures="0" tests="1" name="com.nexsoft.jcb.test.TestFiturNewDataOtherCondition" time="16.217" errors="0" timestamp="2022-07-11T11:29:44 ICT" skipped="0">
  <testcase classname="com.nexsoft.jcb.test.TestFiturNewDataOtherCondition" name="selectVisitStatusWithInputOtherStatus" time="16.217"/>
  <system-out/>
</testsuite> <!-- com.nexsoft.jcb.test.TestFiturNewDataOtherCondition -->
