<?xml version="1.0" encoding="UTF-8"?>
<!-- Generated by org.testng.reporters.JUnitReportReporter -->
<testsuite hostname="DESKTOP-HSNMEPH" failures="0" tests="10" name="com.nexsoft.jcb.test.TestModulCompleted" time="98.457" errors="0" timestamp="2022-07-15T00:12:26 ICT" skipped="0">
  <testcase classname="com.nexsoft.jcb.test.TestModulCompleted" name="input_kolom_search_by_merchant_name" time="9.201"/>
  <system-out/>
  <testcase classname="com.nexsoft.jcb.test.TestModulCompleted" name="input_kolom_search_by_category" time="9.779"/>
  <system-out/>
  <testcase classname="com.nexsoft.jcb.test.TestModulCompleted" name="input_kolom_search_by_address" time="9.662"/>
  <system-out/>
  <testcase classname="com.nexsoft.jcb.test.TestModulCompleted" name="input_kolom_search_by_PIC_Name" time="8.849"/>
  <system-out/>
  <testcase classname="com.nexsoft.jcb.test.TestModulCompleted" name="input_kolom_search_by_PIC_Position" time="10.638"/>
  <system-out/>
  <testcase classname="com.nexsoft.jcb.test.TestModulCompleted" name="input_kolom_search_by_PIC_Phone_Number" time="9.287"/>
  <system-out/>
  <testcase classname="com.nexsoft.jcb.test.TestModulCompleted" name="input_kolom_search_by_Merchant_Acc_JCB" time="9.474"/>
  <system-out/>
  <testcase classname="com.nexsoft.jcb.test.TestModulCompleted" name="click_View_Photo" time="10.315"/>
  <system-out/>
  <testcase classname="com.nexsoft.jcb.test.TestModulCompleted" name="click_View_EDC" time="10.539"/>
  <system-out/>
  <testcase classname="com.nexsoft.jcb.test.TestModulCompleted" name="click_Return_and_input_notes_return" time="10.713"/>
  <system-out/>
</testsuite> <!-- com.nexsoft.jcb.test.TestModulCompleted -->
