<?xml version="1.0" encoding="UTF-8"?>
<!-- Generated by org.testng.reporters.JUnitReportReporter -->
<testsuite hostname="DESKTOP-HSNMEPH" failures="0" tests="1" name="com.nexsoft.jcb.test.TestModulReport" time="6.975" errors="0" timestamp="2022-07-06T15:39:19 ICT" skipped="0">
  <testcase classname="com.nexsoft.jcb.test.TestModulReport" name="input_valid_data_report_master_click_process" time="6.975"/>
  <system-out/>
</testsuite> <!-- com.nexsoft.jcb.test.TestModulReport -->
